2019-07-04 15:53:41,895 INFO o.a.j.u.JMeterUtils: Setting Locale to zh_CN
2019-07-04 15:53:41,914 INFO o.a.j.JMeter: Loading system properties from: system.properties
2019-07-04 15:53:41,920 INFO o.a.j.JMeter: Copyright (c) 1998-2017 The Apache Software Foundation
2019-07-04 15:53:41,920 INFO o.a.j.JMeter: Version 3.3 r1808647
2019-07-04 15:53:41,920 INFO o.a.j.JMeter: java.version=1.8.0_77
2019-07-04 15:53:41,920 INFO o.a.j.JMeter: java.vm.name=Java HotSpot(TM) 64-Bit Server VM
2019-07-04 15:53:41,920 INFO o.a.j.JMeter: os.name=Windows 7
2019-07-04 15:53:41,920 INFO o.a.j.JMeter: os.arch=amd64
2019-07-04 15:53:41,920 INFO o.a.j.JMeter: os.version=6.1
2019-07-04 15:53:41,920 INFO o.a.j.JMeter: file.encoding=GBK
2019-07-04 15:53:41,921 INFO o.a.j.JMeter: Max memory     =514850816
2019-07-04 15:53:41,921 INFO o.a.j.JMeter: Available Processors =4
2019-07-04 15:53:41,928 INFO o.a.j.JMeter: Default Locale=中文 (中国)
2019-07-04 15:53:41,928 INFO o.a.j.JMeter: JMeter  Locale=中文 (中国)
2019-07-04 15:53:41,929 INFO o.a.j.JMeter: JMeterHome=E:\myapplication\jmeter_maven_jenkins\target\jmeter
2019-07-04 15:53:41,929 INFO o.a.j.JMeter: user.dir  =E:\myapplication\jmeter_maven_jenkins\target\jmeter\bin
2019-07-04 15:53:41,929 INFO o.a.j.JMeter: PWD       =E:\myapplication\jmeter_maven_jenkins\target\jmeter\bin
2019-07-04 15:53:41,930 INFO o.a.j.JMeter: IP: 192.168.3.250 Name: slt01-PC FullName: slt01-PC
2019-07-04 15:53:41,933 INFO o.a.j.s.FileServer: Default base='E:\myapplication\jmeter_maven_jenkins\target\jmeter\bin'
2019-07-04 15:53:41,933 INFO o.a.j.s.FileServer: Set new base='E:\myapplication\jmeter_maven_jenkins\target\jmeter\testFiles'
2019-07-04 15:53:42,101 INFO o.a.j.s.SaveService: Testplan (JMX) version: 2.2. Testlog (JTL) version: 2.2
2019-07-04 15:53:42,117 INFO o.a.j.s.SaveService: Using SaveService properties file encoding UTF-8
2019-07-04 15:53:42,129 INFO o.a.j.s.SaveService: Using SaveService properties version 3.1
2019-07-04 15:53:42,129 WARN o.a.j.s.SaveService: Bad _version - expected 3.2, found 3.1.
2019-07-04 15:53:42,130 INFO o.a.j.s.SaveService: Loading file: E:\myapplication\jmeter_maven_jenkins\target\jmeter\testFiles\usermanager.jmx
2019-07-04 15:53:42,171 INFO o.a.j.p.h.c.CookieManager: Settings: Delete null: false Check: true Allow variable: true Save: true Prefix: COOKIE_
2019-07-04 15:53:42,192 INFO o.a.j.p.h.s.HTTPSamplerBase: Parser for text/html is org.apache.jmeter.protocol.http.parser.LagartoBasedHtmlParser
2019-07-04 15:53:42,192 INFO o.a.j.p.h.s.HTTPSamplerBase: Parser for application/xhtml+xml is org.apache.jmeter.protocol.http.parser.LagartoBasedHtmlParser
2019-07-04 15:53:42,192 INFO o.a.j.p.h.s.HTTPSamplerBase: Parser for application/xml is org.apache.jmeter.protocol.http.parser.LagartoBasedHtmlParser
2019-07-04 15:53:42,192 INFO o.a.j.p.h.s.HTTPSamplerBase: Parser for text/xml is org.apache.jmeter.protocol.http.parser.LagartoBasedHtmlParser
2019-07-04 15:53:42,192 INFO o.a.j.p.h.s.HTTPSamplerBase: Parser for text/vnd.wap.wml is org.apache.jmeter.protocol.http.parser.RegexpHTMLParser
2019-07-04 15:53:42,192 INFO o.a.j.p.h.s.HTTPSamplerBase: Parser for text/css is org.apache.jmeter.protocol.http.parser.CssParser
2019-07-04 15:53:42,231 INFO o.a.j.JMeter: Creating summariser <summary>
2019-07-04 15:53:42,237 INFO o.a.j.e.StandardJMeterEngine: Running the test!
2019-07-04 15:53:42,238 INFO o.a.j.s.SampleEvent: List of sample_variables: []
2019-07-04 15:53:42,238 INFO o.a.j.s.SampleEvent: List of sample_variables: []
2019-07-04 15:53:42,243 INFO o.a.j.e.u.CompoundVariable: Note: Function class names must contain the string: '.functions.'
2019-07-04 15:53:42,243 INFO o.a.j.e.u.CompoundVariable: Note: Function class names must not contain the string: '.gui.'
2019-07-04 15:53:42,809 INFO o.a.j.JMeter: 正在运行的测试 (1562226822809)
2019-07-04 15:53:42,913 INFO o.a.j.e.StandardJMeterEngine: Starting ThreadGroup: 1 : 线程组
2019-07-04 15:53:42,913 INFO o.a.j.e.StandardJMeterEngine: Starting 1 threads for group 线程组.
2019-07-04 15:53:42,913 INFO o.a.j.e.StandardJMeterEngine: Thread will continue on error
2019-07-04 15:53:42,916 INFO o.a.j.t.ThreadGroup: Starting thread group... number=1 threads=1 ramp-up=1 perThread=1000.0 delayedStart=false
2019-07-04 15:53:42,923 INFO o.a.j.t.ThreadGroup: Started thread group number 1
2019-07-04 15:53:42,923 INFO o.a.j.e.StandardJMeterEngine: All thread groups have been started
2019-07-04 15:53:42,971 INFO o.a.j.t.JMeterThread: Thread started: 线程组 1-1
2019-07-04 15:53:42,973 INFO o.a.j.s.FileServer: Stored: C:\Users\slt01\Desktop\login.txt
2019-07-04 15:53:43,001 INFO o.a.j.p.h.s.HTTPHCAbstractImpl: Local host = slt01-PC
2019-07-04 15:53:43,007 INFO o.a.j.p.h.s.HTTPHC4Impl: HTTP request retry count = 0
2019-07-04 15:53:43,015 INFO o.a.j.s.SampleResult: Note: Sample TimeStamps are START times
2019-07-04 15:53:43,015 INFO o.a.j.s.SampleResult: sampleresult.default.encoding is set to ISO-8859-1
2019-07-04 15:53:43,015 INFO o.a.j.s.SampleResult: sampleresult.useNanoTime=true
2019-07-04 15:53:43,015 INFO o.a.j.s.SampleResult: sampleresult.nanoThreadSleep=5000
2019-07-04 15:53:53,163 INFO o.a.j.t.JMeterThread: Thread is done: 线程组 1-1
2019-07-04 15:53:53,163 INFO o.a.j.t.JMeterThread: Thread finished: 线程组 1-1
2019-07-04 15:53:53,166 INFO o.a.j.e.StandardJMeterEngine: Notifying test listeners of end of test
2019-07-04 15:53:53,166 INFO o.a.j.s.FileServer: Close: C:\Users\slt01\Desktop\login.txt
2019-07-04 15:53:53,168 INFO o.a.j.r.Summariser: summary =      5 in 00:00:10 =    0.5/s Avg:  2012 Min:  1998 Max:  2054 Err:     5 (100.00%)
